c:\users\yonat\onedrive\desktop\openvr-driver-example-main\openvrdriverexample\openvrdriverexample\x64\release\vc142.pdb
c:\users\yonat\onedrive\desktop\openvr-driver-example-main\openvrdriverexample\openvrdriverexample\x64\release\.netframework,version=v4.0.assemblyattributes.obj
c:\users\yonat\onedrive\desktop\openvr-driver-example-main\openvrdriverexample\openvrdriverexample\x64\release\deviceprovider.obj
c:\users\yonat\onedrive\desktop\openvr-driver-example-main\openvrdriverexample\openvrdriverexample\x64\release\devicefactory.obj
c:\users\yonat\onedrive\desktop\openvr-driver-example-main\openvrdriverexample\openvrdriverexample\x64\release\controllerdriver.obj
c:\users\yonat\onedrive\desktop\openvr-driver-example-main\openvrdriverexample\openvrdriverexample\x64\release\serialport.obj
c:\users\yonat\onedrive\desktop\openvr-driver-example-main\openvrdriverexample\x64\release\system.dll
c:\users\yonat\onedrive\desktop\openvr-driver-example-main\openvrdriverexample\x64\release\system.xml
c:\users\yonat\onedrive\desktop\openvr-driver-example-main\openvrdriverexample\x64\release\openvrdriverexample.dll
c:\users\yonat\onedrive\desktop\openvr-driver-example-main\openvrdriverexample\x64\release\openvrdriverexample.pdb
c:\users\yonat\onedrive\desktop\openvr-driver-example-main\openvrdriverexample\openvrdriverexample\x64\release\openvrdr.e9f07c0e.tlog\metagen.write.1.tlog
c:\users\yonat\onedrive\desktop\openvr-driver-example-main\openvrdriverexample\x64\release\openvrdriverexample.lib
c:\users\yonat\onedrive\desktop\openvr-driver-example-main\openvrdriverexample\x64\release\openvrdriverexample.exp
c:\users\yonat\onedrive\desktop\openvr-driver-example-main\openvrdriverexample\openvrdriverexample\x64\release\openvrdr.e9f07c0e.tlog\cl.command.1.tlog
c:\users\yonat\onedrive\desktop\openvr-driver-example-main\openvrdriverexample\openvrdriverexample\x64\release\openvrdr.e9f07c0e.tlog\cl.read.1.tlog
c:\users\yonat\onedrive\desktop\openvr-driver-example-main\openvrdriverexample\openvrdriverexample\x64\release\openvrdr.e9f07c0e.tlog\cl.write.1.tlog
c:\users\yonat\onedrive\desktop\openvr-driver-example-main\openvrdriverexample\openvrdriverexample\x64\release\openvrdr.e9f07c0e.tlog\copylocal.read.1u.tlog
c:\users\yonat\onedrive\desktop\openvr-driver-example-main\openvrdriverexample\openvrdriverexample\x64\release\openvrdr.e9f07c0e.tlog\copylocal.write.1u.tlog
c:\users\yonat\onedrive\desktop\openvr-driver-example-main\openvrdriverexample\openvrdriverexample\x64\release\openvrdr.e9f07c0e.tlog\link.command.1.tlog
c:\users\yonat\onedrive\desktop\openvr-driver-example-main\openvrdriverexample\openvrdriverexample\x64\release\openvrdr.e9f07c0e.tlog\link.read.1.tlog
c:\users\yonat\onedrive\desktop\openvr-driver-example-main\openvrdriverexample\openvrdriverexample\x64\release\openvrdr.e9f07c0e.tlog\link.write.1.tlog
c:\users\yonat\onedrive\desktop\openvr-driver-example-main\openvrdriverexample\openvrdriverexample\x64\release\openvrdr.e9f07c0e.tlog\metagen.read.1.tlog
c:\users\yonat\onedrive\desktop\openvr-driver-example-main\openvrdriverexample\openvrdriverexample\x64\release\openvrdr.e9f07c0e.tlog\openvrdriverexample.write.1u.tlog
c:\users\yonat\onedrive\desktop\openvr-driver-example-main\openvrdriverexample\openvrdriverexample\x64\release\openvrdr.e9f07c0e.tlog\system.dll.metagen
